<?xml version="1.0" encoding="UTF-8" ?>
<testsuites disabled="0" errors="0" failures="0" tests="1" time="0.713">
 <testsuite name="workspace-project App" timestamp="2019-04-21T17:27:05" hostname="localhost" time="0.713" errors="0" tests="1" skipped="0" disabled="0" failures="0">
  <testcase classname="workspace-project App" name="should display welcome message" time="0.711" />
 </testsuite>
</testsuites>